2025-01-26 12:24:29,433 WARNING  * Debugger is active!
2025-01-26 12:24:29,433 INFO  * Debugger PIN: 682-649-436
2025-01-26 12:24:53,941 INFO  * Detected change in '/workspaces/2025SE-Jaiden.W-HSCTask1/main.py', reloading
2025-01-26 12:24:54,189 WARNING  * Debugger is active!
2025-01-26 12:24:54,189 INFO  * Debugger PIN: 682-649-436
2025-01-26 12:24:59,429 INFO  * Detected change in '/workspaces/2025SE-Jaiden.W-HSCTask1/main.py', reloading
2025-01-26 12:24:59,787 WARNING  * Debugger is active!
2025-01-26 12:24:59,788 INFO  * Debugger PIN: 682-649-436
2025-01-26 12:25:06,534 INFO  * Detected change in '/workspaces/2025SE-Jaiden.W-HSCTask1/formHandlers.py', reloading
2025-01-26 12:25:06,846 WARNING  * Debugger is active!
2025-01-26 12:25:06,846 INFO  * Debugger PIN: 682-649-436
2025-01-26 12:25:07,534 INFO 127.0.0.1 - - [26/Jan/2025 12:25:07] "GET /api/logEntries HTTP/1.1" 200 -
2025-01-26 12:25:54,420 INFO  * Detected change in '/workspaces/2025SE-Jaiden.W-HSCTask1/main.py', reloading
2025-01-26 12:25:54,724 WARNING  * Debugger is active!
2025-01-26 12:25:54,724 INFO  * Debugger PIN: 682-649-436
2025-01-26 12:27:11,814 INFO  * Detected change in '/workspaces/2025SE-Jaiden.W-HSCTask1/main.py', reloading
2025-01-26 12:27:12,072 WARNING  * Debugger is active!
2025-01-26 12:27:12,073 INFO  * Debugger PIN: 682-649-436
2025-01-26 12:27:13,211 INFO 127.0.0.1 - - [26/Jan/2025 12:27:13] "GET /api/logEntries HTTP/1.1" 200 -
2025-01-26 12:27:55,033 INFO  * Detected change in '/workspaces/2025SE-Jaiden.W-HSCTask1/main.py', reloading
2025-01-26 12:27:55,281 WARNING  * Debugger is active!
2025-01-26 12:27:55,282 INFO  * Debugger PIN: 682-649-436
2025-01-26 12:27:56,165 INFO  * Detected change in '/workspaces/2025SE-Jaiden.W-HSCTask1/main.py', reloading
2025-01-26 12:27:56,414 WARNING  * Debugger is active!
2025-01-26 12:27:56,414 INFO  * Debugger PIN: 682-649-436
2025-01-26 23:42:01,056 INFO [31m[1mWARNING: This is a development server. Do not use it in a production deployment. Use a production WSGI server instead.[0m
 * Running on all addresses (0.0.0.0)
 * Running on http://127.0.0.1:3000
 * Running on http://10.0.0.166:3000
2025-01-26 23:42:01,057 INFO [33mPress CTRL+C to quit[0m
2025-01-26 23:42:01,057 INFO  * Restarting with stat
2025-01-26 23:42:01,312 WARNING  * Debugger is active!
2025-01-26 23:42:01,313 INFO  * Debugger PIN: 411-614-086
2025-01-26 23:42:35,458 INFO  * Detected change in '/workspaces/2025SE-Jaiden.W-HSCTask1/api.py', reloading
2025-01-26 23:42:35,497 INFO  * Restarting with stat
2025-01-26 23:42:35,711 WARNING  * Debugger is active!
2025-01-26 23:42:35,711 INFO  * Debugger PIN: 411-614-086
2025-01-26 23:42:39,918 INFO 127.0.0.1 - - [26/Jan/2025 23:42:39] "GET /api/logEntries HTTP/1.1" 200 -
2025-01-26 23:42:55,574 INFO 127.0.0.1 - - [26/Jan/2025 23:42:55] "GET /api/logEntries?query=SE2025&category=project HTTP/1.1" 200 -
2025-01-26 23:45:41,367 INFO 127.0.0.1 - - [26/Jan/2025 23:45:41] "[35m[1mPOST /api/signup HTTP/1.1[0m" 201 -
2025-01-26 23:46:22,913 INFO  * Detected change in '/workspaces/2025SE-Jaiden.W-HSCTask1/formHandlers.py', reloading
2025-01-26 23:46:22,945 INFO  * Restarting with stat
2025-01-26 23:46:23,161 WARNING  * Debugger is active!
2025-01-26 23:46:23,161 INFO  * Debugger PIN: 411-614-086
2025-01-26 23:46:39,424 INFO 127.0.0.1 - - [26/Jan/2025 23:46:39] "POST /api/login HTTP/1.1" 200 -
2025-01-26 23:48:46,609 INFO  * Detected change in '/workspaces/2025SE-Jaiden.W-HSCTask1/formHandlers.py', reloading
2025-01-26 23:48:46,643 INFO  * Restarting with stat
2025-01-26 23:48:46,876 WARNING  * Debugger is active!
2025-01-26 23:48:46,876 INFO  * Debugger PIN: 411-614-086
2025-01-26 23:48:47,742 DEBUG Received log entry data: {'developer': 'TechGod', 'project': 'BestProject', 'start_time': '2025-01-27 11:00', 'end_time': '2025-01-27 14:35', 'time_worked': 3.75, 'repo': 'https://github.com/example', 'developer_notes': 'cool', 'developer_code': '# Sanitize a dictionary of data by escaping HTML characters.\r\ndef sanitize_data(data):\r\n    sanitized_data = {}\r\n    for key, value in data.items():\r\n        if isinstance(value, str):\r\n            sanitized_data[key] = html.escape(value)\r\n        else:\r\n            sanitized_data[key] = value\r\n    return sanitized_data\r\n\r\n#Sanitize an input string by removing unwanted characters and escaping HTML characters.\r\ndef sanitize_input(input_string):\r\n    sanitized_string = re.sub(r&#x27;[^\\w\\s-]&#x27;, &#x27;&#x27;, input_string) \r\n    sanitized_string = html.escape(sanitized_string)  \r\n    return sanitized_string', 'diary_entry': '2025-01-26 23:45:00'}
2025-01-26 23:48:47,746 INFO Log entry submitted successfully
2025-01-26 23:48:47,747 INFO 127.0.0.1 - - [26/Jan/2025 23:48:47] "[35m[1mPOST /api/logEntry HTTP/1.1[0m" 201 -
2025-01-26 23:48:49,506 INFO 127.0.0.1 - - [26/Jan/2025 23:48:49] "GET /api/logEntries HTTP/1.1" 200 -
2025-01-26 23:53:19,379 INFO  * Detected change in '/workspaces/2025SE-Jaiden.W-HSCTask1/timestampRounding.py', reloading
2025-01-26 23:53:19,417 INFO  * Restarting with stat
2025-01-26 23:53:19,676 WARNING  * Debugger is active!
2025-01-26 23:53:19,676 INFO  * Debugger PIN: 411-614-086
2025-01-26 23:54:00,951 INFO  * Detected change in '/workspaces/2025SE-Jaiden.W-HSCTask1/timestampRounding.py', reloading
2025-01-26 23:54:00,985 INFO  * Restarting with stat
2025-01-26 23:54:01,205 WARNING  * Debugger is active!
2025-01-26 23:54:01,206 INFO  * Debugger PIN: 411-614-086
2025-01-26 23:54:02,834 INFO 127.0.0.1 - - [26/Jan/2025 23:54:02] "GET /api/logEntries HTTP/1.1" 200 -
2025-01-26 23:54:29,977 DEBUG Received log entry data: {'developer': 'DiaryEntryTest', 'project': 'SE2025', 'start_time': '2025-01-27 11:00', 'end_time': '2025-01-27 15:00', 'time_worked': 4.0, 'repo': 'https://github.com/example', 'developer_notes': 'asd', 'developer_code': 'code\r\ncode\r\ncode\r\ncode', 'diary_entry': '2025-01-27 00:00:00'}
2025-01-26 23:54:29,980 INFO Log entry submitted successfully
2025-01-26 23:54:29,983 INFO 127.0.0.1 - - [26/Jan/2025 23:54:29] "[35m[1mPOST /api/logEntry HTTP/1.1[0m" 201 -
2025-01-26 23:54:31,383 INFO 127.0.0.1 - - [26/Jan/2025 23:54:31] "GET /api/logEntries HTTP/1.1" 200 -
2025-01-27 00:04:41,002 INFO  * Detected change in '/workspaces/2025SE-Jaiden.W-HSCTask1/timestampRounding.py', reloading
2025-01-27 00:04:41,044 INFO  * Restarting with stat
2025-01-27 00:04:41,292 WARNING  * Debugger is active!
2025-01-27 00:04:41,292 INFO  * Debugger PIN: 411-614-086
2025-01-27 00:04:43,531 INFO  * Detected change in '/workspaces/2025SE-Jaiden.W-HSCTask1/main.py', reloading
2025-01-27 00:04:43,567 INFO  * Restarting with stat
2025-01-27 00:04:43,786 WARNING  * Debugger is active!
2025-01-27 00:04:43,786 INFO  * Debugger PIN: 411-614-086
2025-01-27 00:07:33,238 INFO 127.0.0.1 - - [27/Jan/2025 00:07:33] "GET /api/logEntries HTTP/1.1" 200 -
2025-01-27 00:12:53,301 INFO 127.0.0.1 - - [27/Jan/2025 00:12:53] "GET /api/logEntries HTTP/1.1" 200 -
2025-01-27 00:22:14,528 INFO  * Detected change in '/workspaces/2025SE-Jaiden.W-HSCTask1/timestampRounding.py', reloading
2025-01-27 00:22:14,562 INFO  * Restarting with stat
2025-01-27 00:22:14,784 WARNING  * Debugger is active!
2025-01-27 00:22:14,784 INFO  * Debugger PIN: 411-614-086
2025-01-27 00:36:50,059 INFO  * Detected change in '/workspaces/2025SE-Jaiden.W-HSCTask1/formHandlers.py', reloading
2025-01-27 00:36:50,093 INFO  * Restarting with stat
2025-01-27 00:36:50,333 WARNING  * Debugger is active!
2025-01-27 00:36:50,334 INFO  * Debugger PIN: 411-614-086
2025-01-27 00:37:30,131 INFO  * Detected change in '/workspaces/2025SE-Jaiden.W-HSCTask1/formHandlers.py', reloading
2025-01-27 00:37:30,170 INFO  * Restarting with stat
2025-01-27 00:37:30,398 WARNING  * Debugger is active!
2025-01-27 00:37:30,398 INFO  * Debugger PIN: 411-614-086
2025-01-27 00:38:21,922 INFO  * Detected change in '/workspaces/2025SE-Jaiden.W-HSCTask1/formHandlers.py', reloading
2025-01-27 00:38:21,964 INFO  * Restarting with stat
2025-01-27 00:38:22,190 WARNING  * Debugger is active!
2025-01-27 00:38:22,190 INFO  * Debugger PIN: 411-614-086
2025-01-27 00:38:58,924 INFO  * Detected change in '/workspaces/2025SE-Jaiden.W-HSCTask1/formHandlers.py', reloading
2025-01-27 00:38:58,958 INFO  * Restarting with stat
2025-01-27 00:38:59,171 WARNING  * Debugger is active!
2025-01-27 00:38:59,171 INFO  * Debugger PIN: 411-614-086
2025-01-27 00:40:06,250 INFO  * Detected change in '/workspaces/2025SE-Jaiden.W-HSCTask1/formHandlers.py', reloading
2025-01-27 00:40:06,284 INFO  * Restarting with stat
2025-01-27 00:40:06,502 WARNING  * Debugger is active!
2025-01-27 00:40:06,503 INFO  * Debugger PIN: 411-614-086
2025-01-27 00:40:15,940 INFO 127.0.0.1 - - [27/Jan/2025 00:40:15] "GET /api/logEntries HTTP/1.1" 200 -
2025-01-27 00:40:43,776 INFO  * Detected change in '/workspaces/2025SE-Jaiden.W-HSCTask1/formHandlers.py', reloading
2025-01-27 00:40:43,812 INFO  * Restarting with stat
2025-01-27 00:40:44,037 WARNING  * Debugger is active!
2025-01-27 00:40:44,037 INFO  * Debugger PIN: 411-614-086
2025-01-27 00:40:46,620 INFO 127.0.0.1 - - [27/Jan/2025 00:40:46] "GET /api/logEntries HTTP/1.1" 200 -
2025-01-27 00:41:08,345 INFO 127.0.0.1 - - [27/Jan/2025 00:41:08] "GET /api/logEntries HTTP/1.1" 200 -
2025-01-27 00:41:08,768 INFO  * Detected change in '/workspaces/2025SE-Jaiden.W-HSCTask1/formHandlers.py', reloading
2025-01-27 00:41:08,802 INFO  * Restarting with stat
2025-01-27 00:41:09,033 WARNING  * Debugger is active!
2025-01-27 00:41:09,034 INFO  * Debugger PIN: 411-614-086
2025-01-27 00:41:12,776 INFO 127.0.0.1 - - [27/Jan/2025 00:41:12] "GET /api/logEntries HTTP/1.1" 200 -
2025-01-27 00:41:12,792 INFO  * Detected change in '/workspaces/2025SE-Jaiden.W-HSCTask1/formHandlers.py', reloading
2025-01-27 00:41:12,846 INFO  * Restarting with stat
2025-01-27 00:41:13,200 WARNING  * Debugger is active!
2025-01-27 00:41:13,201 INFO  * Debugger PIN: 411-614-086
2025-01-27 00:41:41,738 INFO  * Detected change in '/workspaces/2025SE-Jaiden.W-HSCTask1/formHandlers.py', reloading
2025-01-27 00:41:41,777 INFO  * Restarting with stat
2025-01-27 00:41:42,006 WARNING  * Debugger is active!
2025-01-27 00:41:42,007 INFO  * Debugger PIN: 411-614-086
2025-01-27 00:42:33,472 INFO 127.0.0.1 - - [27/Jan/2025 00:42:33] "GET /api/logEntries HTTP/1.1" 200 -
2025-01-27 00:42:33,707 INFO  * Detected change in '/workspaces/2025SE-Jaiden.W-HSCTask1/formHandlers.py', reloading
2025-01-27 00:42:33,746 INFO  * Restarting with stat
2025-01-27 00:42:33,974 WARNING  * Debugger is active!
2025-01-27 00:42:33,974 INFO  * Debugger PIN: 411-614-086
2025-01-27 00:43:50,684 INFO  * Detected change in '/workspaces/2025SE-Jaiden.W-HSCTask1/formHandlers.py', reloading
2025-01-27 00:43:50,718 INFO  * Restarting with stat
2025-01-27 00:43:50,961 WARNING  * Debugger is active!
2025-01-27 00:43:50,961 INFO  * Debugger PIN: 411-614-086
2025-01-27 00:43:51,456 INFO 127.0.0.1 - - [27/Jan/2025 00:43:51] "GET /api/logEntries HTTP/1.1" 200 -
2025-01-27 00:44:32,529 INFO  * Detected change in '/workspaces/2025SE-Jaiden.W-HSCTask1/formHandlers.py', reloading
2025-01-27 00:44:32,568 INFO  * Restarting with stat
2025-01-27 00:44:32,782 WARNING  * Debugger is active!
2025-01-27 00:44:32,782 INFO  * Debugger PIN: 411-614-086
2025-01-27 00:44:39,479 INFO  * Detected change in '/workspaces/2025SE-Jaiden.W-HSCTask1/formHandlers.py', reloading
2025-01-27 00:44:39,514 INFO  * Restarting with stat
2025-01-27 00:44:39,757 WARNING  * Debugger is active!
2025-01-27 00:44:39,758 INFO  * Debugger PIN: 411-614-086
2025-01-27 00:45:06,668 INFO  * Detected change in '/workspaces/2025SE-Jaiden.W-HSCTask1/main.py', reloading
2025-01-27 00:45:06,704 INFO  * Restarting with stat
2025-01-27 00:45:06,994 WARNING  * Debugger is active!
2025-01-27 00:45:06,995 INFO  * Debugger PIN: 411-614-086
2025-01-28 10:00:01,315 INFO [31m[1mWARNING: This is a development server. Do not use it in a production deployment. Use a production WSGI server instead.[0m
 * Running on all addresses (0.0.0.0)
 * Running on http://127.0.0.1:3000
 * Running on http://10.0.1.44:3000
2025-01-28 10:00:01,317 INFO [33mPress CTRL+C to quit[0m
2025-01-28 10:00:01,317 INFO  * Restarting with stat
2025-01-28 10:00:01,531 WARNING  * Debugger is active!
2025-01-28 10:00:01,532 INFO  * Debugger PIN: 124-806-347
2025-01-28 10:00:28,008 INFO 127.0.0.1 - - [28/Jan/2025 10:00:28] "POST /api/login HTTP/1.1" 200 -
2025-01-28 10:01:23,992 INFO  * Detected change in '/workspaces/2025SE-Jaiden.W-HSCTask1/main.py', reloading
2025-01-28 10:01:24,025 INFO  * Restarting with stat
2025-01-28 10:01:24,254 WARNING  * Debugger is active!
2025-01-28 10:01:24,254 INFO  * Debugger PIN: 124-806-347
2025-01-28 10:03:19,723 INFO  * Detected change in '/workspaces/2025SE-Jaiden.W-HSCTask1/main.py', reloading
2025-01-28 10:03:19,757 INFO  * Restarting with stat
2025-01-28 10:03:19,984 WARNING  * Debugger is active!
2025-01-28 10:03:19,984 INFO  * Debugger PIN: 124-806-347
2025-01-28 10:03:41,085 INFO  * Detected change in '/workspaces/2025SE-Jaiden.W-HSCTask1/main.py', reloading
2025-01-28 10:03:41,122 INFO  * Restarting with stat
2025-01-28 10:03:41,339 WARNING  * Debugger is active!
2025-01-28 10:03:41,339 INFO  * Debugger PIN: 124-806-347
2025-01-28 10:04:53,004 INFO  * Detected change in '/workspaces/2025SE-Jaiden.W-HSCTask1/main.py', reloading
2025-01-28 10:04:53,040 INFO  * Restarting with stat
2025-01-28 10:04:53,303 WARNING  * Debugger is active!
2025-01-28 10:04:53,303 INFO  * Debugger PIN: 124-806-347
2025-01-28 10:10:08,366 INFO  * Detected change in '/workspaces/2025SE-Jaiden.W-HSCTask1/databaseManagement.py', reloading
2025-01-28 10:10:08,405 INFO  * Restarting with stat
2025-01-28 10:10:08,628 WARNING  * Debugger is active!
2025-01-28 10:10:08,628 INFO  * Debugger PIN: 124-806-347
2025-01-28 10:19:26,157 INFO  * Detected change in '/workspaces/2025SE-Jaiden.W-HSCTask1/formHandlers.py', reloading
2025-01-28 10:19:26,193 INFO  * Restarting with stat
2025-01-28 10:19:26,414 WARNING  * Debugger is active!
2025-01-28 10:19:26,414 INFO  * Debugger PIN: 124-806-347
2025-01-28 10:26:45,307 INFO  * Detected change in '/workspaces/2025SE-Jaiden.W-HSCTask1/main.py', reloading
2025-01-28 10:26:45,343 INFO  * Restarting with stat
2025-01-28 10:26:45,561 WARNING  * Debugger is active!
2025-01-28 10:26:45,562 INFO  * Debugger PIN: 124-806-347
2025-01-28 10:27:09,888 INFO  * Detected change in '/workspaces/2025SE-Jaiden.W-HSCTask1/formHandlers.py', reloading
2025-01-28 10:27:09,928 INFO  * Restarting with stat
2025-01-28 10:27:10,146 WARNING  * Debugger is active!
2025-01-28 10:27:10,147 INFO  * Debugger PIN: 124-806-347
2025-01-28 10:27:19,855 INFO  * Detected change in '/workspaces/2025SE-Jaiden.W-HSCTask1/main.py', reloading
2025-01-28 10:27:19,893 INFO  * Restarting with stat
2025-01-28 10:27:20,119 WARNING  * Debugger is active!
2025-01-28 10:27:20,119 INFO  * Debugger PIN: 124-806-347
2025-01-28 10:27:34,052 INFO  * Detected change in '/workspaces/2025SE-Jaiden.W-HSCTask1/main.py', reloading
2025-01-28 10:27:34,089 INFO  * Restarting with stat
2025-01-28 10:27:34,322 WARNING  * Debugger is active!
2025-01-28 10:27:34,322 INFO  * Debugger PIN: 124-806-347
2025-01-28 10:28:21,612 INFO  * Detected change in '/workspaces/2025SE-Jaiden.W-HSCTask1/formHandlers.py', reloading
2025-01-28 10:28:21,651 INFO  * Restarting with stat
2025-01-28 10:28:21,868 WARNING  * Debugger is active!
2025-01-28 10:28:21,868 INFO  * Debugger PIN: 124-806-347
2025-01-28 10:28:40,061 INFO  * Detected change in '/workspaces/2025SE-Jaiden.W-HSCTask1/forms.py', reloading
2025-01-28 10:28:40,097 INFO  * Restarting with stat
2025-01-28 10:28:40,325 WARNING  * Debugger is active!
2025-01-28 10:28:40,326 INFO  * Debugger PIN: 124-806-347
2025-01-28 10:28:52,780 INFO  * Detected change in '/workspaces/2025SE-Jaiden.W-HSCTask1/main.py', reloading
2025-01-28 10:28:52,818 INFO  * Restarting with stat
2025-01-28 10:28:53,040 WARNING  * Debugger is active!
2025-01-28 10:28:53,040 INFO  * Debugger PIN: 124-806-347
2025-01-28 10:30:42,287 INFO  * Detected change in '/workspaces/2025SE-Jaiden.W-HSCTask1/formHandlers.py', reloading
2025-01-28 10:30:42,322 INFO  * Restarting with stat
2025-01-28 10:30:42,540 WARNING  * Debugger is active!
2025-01-28 10:30:42,541 INFO  * Debugger PIN: 124-806-347
2025-01-28 10:31:29,717 INFO  * Detected change in '/workspaces/2025SE-Jaiden.W-HSCTask1/formHandlers.py', reloading
2025-01-28 10:31:29,754 INFO  * Restarting with stat
2025-01-28 10:31:29,973 WARNING  * Debugger is active!
2025-01-28 10:31:29,973 INFO  * Debugger PIN: 124-806-347
2025-01-28 10:31:43,853 INFO  * Detected change in '/workspaces/2025SE-Jaiden.W-HSCTask1/formHandlers.py', reloading
2025-01-28 10:31:43,897 INFO  * Restarting with stat
2025-01-28 10:31:44,127 WARNING  * Debugger is active!
2025-01-28 10:31:44,127 INFO  * Debugger PIN: 124-806-347
2025-01-28 10:32:56,355 INFO  * Detected change in '/workspaces/2025SE-Jaiden.W-HSCTask1/main.py', reloading
2025-01-28 10:32:56,394 INFO  * Restarting with stat
2025-01-28 10:32:56,614 WARNING  * Debugger is active!
2025-01-28 10:32:56,615 INFO  * Debugger PIN: 124-806-347
2025-01-28 10:32:58,806 INFO  * Detected change in '/workspaces/2025SE-Jaiden.W-HSCTask1/main.py', reloading
2025-01-28 10:32:58,844 INFO  * Restarting with stat
2025-01-28 10:32:59,106 WARNING  * Debugger is active!
2025-01-28 10:32:59,106 INFO  * Debugger PIN: 124-806-347
2025-01-28 10:33:07,327 INFO  * Detected change in '/workspaces/2025SE-Jaiden.W-HSCTask1/main.py', reloading
2025-01-28 10:33:07,365 INFO  * Restarting with stat
2025-01-28 10:33:07,588 WARNING  * Debugger is active!
2025-01-28 10:33:07,588 INFO  * Debugger PIN: 124-806-347
2025-01-28 10:48:10,604 DEBUG Received log entry data: {'developer': 'test', 'project': 'asd', 'start_time': '2025-01-28 21:45', 'end_time': '2025-01-28 23:45', 'time_worked': 2.0, 'repo': 'https://github.com/TempeHS/2025SE-Jaiden.W-HSCTask1', 'developer_notes': 'notes', 'developer_code': 'code', 'diary_entry': '2025-01-28 10:45:00'}
2025-01-28 10:48:10,607 INFO Log entry submitted successfully
2025-01-28 10:48:10,607 INFO 127.0.0.1 - - [28/Jan/2025 10:48:10] "[35m[1mPOST /api/logEntry HTTP/1.1[0m" 201 -
2025-01-28 10:48:13,401 INFO 127.0.0.1 - - [28/Jan/2025 10:48:13] "GET /api/logEntries HTTP/1.1" 200 -
2025-01-28 10:50:37,599 INFO 127.0.0.1 - - [28/Jan/2025 10:50:37] "GET /api/logEntries HTTP/1.1" 200 -
2025-01-28 10:53:02,430 INFO  * Detected change in '/workspaces/2025SE-Jaiden.W-HSCTask1/forms.py', reloading
2025-01-28 10:53:02,468 INFO  * Restarting with stat
2025-01-28 10:53:02,690 WARNING  * Debugger is active!
2025-01-28 10:53:02,690 INFO  * Debugger PIN: 124-806-347
2025-01-28 10:53:51,350 INFO  * Detected change in '/workspaces/2025SE-Jaiden.W-HSCTask1/forms.py', reloading
2025-01-28 10:53:51,387 INFO  * Restarting with stat
2025-01-28 10:53:51,604 WARNING  * Debugger is active!
2025-01-28 10:53:51,604 INFO  * Debugger PIN: 124-806-347
2025-01-28 11:00:36,341 INFO  * Detected change in '/workspaces/2025SE-Jaiden.W-HSCTask1/forms.py', reloading
2025-01-28 11:00:36,379 INFO  * Restarting with stat
2025-01-28 11:00:36,621 WARNING  * Debugger is active!
2025-01-28 11:00:36,622 INFO  * Debugger PIN: 124-806-347
2025-01-28 11:00:38,893 INFO  * Detected change in '/workspaces/2025SE-Jaiden.W-HSCTask1/formHandlers.py', reloading
2025-01-28 11:00:38,936 INFO  * Restarting with stat
2025-01-28 11:00:39,153 WARNING  * Debugger is active!
2025-01-28 11:00:39,154 INFO  * Debugger PIN: 124-806-347
2025-01-28 11:01:58,186 INFO  * Detected change in '/workspaces/2025SE-Jaiden.W-HSCTask1/databaseManagement.py', reloading
2025-01-28 11:01:58,225 INFO  * Restarting with stat
2025-01-28 11:01:58,459 WARNING  * Debugger is active!
2025-01-28 11:01:58,460 INFO  * Debugger PIN: 124-806-347
2025-01-28 11:02:05,107 INFO  * Detected change in '/workspaces/2025SE-Jaiden.W-HSCTask1/formHandlers.py', reloading
2025-01-28 11:02:05,154 INFO  * Restarting with stat
2025-01-28 11:02:05,388 WARNING  * Debugger is active!
2025-01-28 11:02:05,389 INFO  * Debugger PIN: 124-806-347
2025-01-28 11:02:06,252 INFO  * Detected change in '/workspaces/2025SE-Jaiden.W-HSCTask1/databaseManagement.py', reloading
2025-01-28 11:02:06,289 INFO  * Restarting with stat
2025-01-28 11:02:06,516 WARNING  * Debugger is active!
2025-01-28 11:02:06,516 INFO  * Debugger PIN: 124-806-347
2025-01-29 10:18:18,927 INFO [31m[1mWARNING: This is a development server. Do not use it in a production deployment. Use a production WSGI server instead.[0m
 * Running on all addresses (0.0.0.0)
 * Running on http://127.0.0.1:3000
 * Running on http://10.0.0.220:3000
2025-01-29 10:18:18,928 INFO [33mPress CTRL+C to quit[0m
2025-01-29 10:18:18,929 INFO  * Restarting with stat
2025-01-29 10:18:19,149 WARNING  * Debugger is active!
2025-01-29 10:18:19,150 INFO  * Debugger PIN: 283-023-290
2025-01-29 10:26:48,072 INFO  * Detected change in '/workspaces/2025SE-Jaiden.W-HSCTask1/forms.py', reloading
2025-01-29 10:26:48,109 INFO  * Restarting with stat
2025-01-29 10:26:48,331 WARNING  * Debugger is active!
2025-01-29 10:26:48,332 INFO  * Debugger PIN: 283-023-290
2025-01-29 10:27:08,219 INFO  * Detected change in '/workspaces/2025SE-Jaiden.W-HSCTask1/main.py', reloading
2025-01-29 10:27:08,258 INFO  * Restarting with stat
2025-01-29 10:27:08,477 WARNING  * Debugger is active!
2025-01-29 10:27:08,477 INFO  * Debugger PIN: 283-023-290
2025-01-29 10:28:16,969 INFO  * Detected change in '/workspaces/2025SE-Jaiden.W-HSCTask1/main.py', reloading
2025-01-29 10:28:17,016 INFO  * Restarting with stat
2025-01-29 10:28:17,261 WARNING  * Debugger is active!
2025-01-29 10:28:17,262 INFO  * Debugger PIN: 283-023-290
2025-01-29 10:30:18,394 INFO  * Detected change in '/workspaces/2025SE-Jaiden.W-HSCTask1/main.py', reloading
2025-01-29 10:30:18,429 INFO  * Restarting with stat
2025-01-29 10:30:18,648 WARNING  * Debugger is active!
2025-01-29 10:30:18,649 INFO  * Debugger PIN: 283-023-290
2025-01-29 10:30:19,473 INFO  * Detected change in '/workspaces/2025SE-Jaiden.W-HSCTask1/main.py', reloading
2025-01-29 10:30:19,509 INFO  * Restarting with stat
2025-01-29 10:30:19,739 WARNING  * Debugger is active!
2025-01-29 10:30:19,739 INFO  * Debugger PIN: 283-023-290
2025-01-29 10:40:13,060 INFO [31m[1mWARNING: This is a development server. Do not use it in a production deployment. Use a production WSGI server instead.[0m
 * Running on all addresses (0.0.0.0)
 * Running on http://127.0.0.1:3000
 * Running on http://10.0.0.220:3000
2025-01-29 10:40:13,060 INFO [33mPress CTRL+C to quit[0m
2025-01-29 10:40:13,061 INFO  * Restarting with stat
2025-01-29 10:40:13,292 WARNING  * Debugger is active!
2025-01-29 10:40:13,292 INFO  * Debugger PIN: 283-023-290
2025-01-29 10:42:10,173 INFO  * Detected change in '/workspaces/2025SE-Jaiden.W-HSCTask1/main.py', reloading
2025-01-29 10:42:10,210 INFO  * Restarting with stat
2025-01-29 10:42:10,434 WARNING  * Debugger is active!
2025-01-29 10:42:10,434 INFO  * Debugger PIN: 283-023-290
2025-01-29 10:42:14,221 INFO  * Detected change in '/workspaces/2025SE-Jaiden.W-HSCTask1/formHandlers.py', reloading
2025-01-29 10:42:14,258 INFO  * Restarting with stat
2025-01-29 10:42:14,475 WARNING  * Debugger is active!
2025-01-29 10:42:14,476 INFO  * Debugger PIN: 283-023-290
2025-01-29 10:43:23,045 INFO 127.0.0.1 - - [29/Jan/2025 10:43:23] "POST /api/login HTTP/1.1" 200 -
2025-01-29 10:44:57,718 INFO  * Detected change in '/workspaces/2025SE-Jaiden.W-HSCTask1/main.py', reloading
2025-01-29 10:44:57,752 INFO  * Restarting with stat
2025-01-29 10:44:58,010 WARNING  * Debugger is active!
2025-01-29 10:44:58,010 INFO  * Debugger PIN: 283-023-290
2025-01-29 10:45:03,273 INFO  * Detected change in '/workspaces/2025SE-Jaiden.W-HSCTask1/main.py', reloading
2025-01-29 10:45:03,308 INFO  * Restarting with stat
2025-01-29 10:45:03,529 WARNING  * Debugger is active!
2025-01-29 10:45:03,529 INFO  * Debugger PIN: 283-023-290
2025-01-29 10:46:57,525 INFO  * Detected change in '/workspaces/2025SE-Jaiden.W-HSCTask1/main.py', reloading
2025-01-29 10:46:57,563 INFO  * Restarting with stat
2025-01-29 10:46:57,801 WARNING  * Debugger is active!
2025-01-29 10:46:57,802 INFO  * Debugger PIN: 283-023-290
2025-01-29 10:47:26,305 INFO  * Detected change in '/workspaces/2025SE-Jaiden.W-HSCTask1/main.py', reloading
2025-01-29 10:47:26,343 INFO  * Restarting with stat
2025-01-29 10:47:26,573 WARNING  * Debugger is active!
2025-01-29 10:47:26,574 INFO  * Debugger PIN: 283-023-290
2025-01-29 10:48:25,234 INFO  * Detected change in '/workspaces/2025SE-Jaiden.W-HSCTask1/main.py', reloading
2025-01-29 10:48:25,268 INFO  * Restarting with stat
2025-01-29 10:48:25,486 WARNING  * Debugger is active!
2025-01-29 10:48:25,486 INFO  * Debugger PIN: 283-023-290
2025-01-29 10:52:17,036 INFO  * Detected change in '/workspaces/2025SE-Jaiden.W-HSCTask1/main.py', reloading
2025-01-29 10:52:17,075 INFO  * Restarting with stat
2025-01-29 10:52:17,311 WARNING  * Debugger is active!
2025-01-29 10:52:17,312 INFO  * Debugger PIN: 283-023-290
2025-01-29 10:55:50,314 INFO 127.0.0.1 - - [29/Jan/2025 10:55:50] "POST /api/login HTTP/1.1" 200 -
2025-01-29 10:56:12,007 INFO 127.0.0.1 - - [29/Jan/2025 10:56:12] "GET /api/logEntries HTTP/1.1" 200 -
2025-01-29 10:59:34,061 INFO  * Detected change in '/workspaces/2025SE-Jaiden.W-HSCTask1/main.py', reloading
2025-01-29 10:59:34,100 INFO  * Restarting with stat
2025-01-29 10:59:34,354 WARNING  * Debugger is active!
2025-01-29 10:59:34,355 INFO  * Debugger PIN: 283-023-290
2025-01-29 11:44:31,332 INFO  * Detected change in '/workspaces/2025SE-Jaiden.W-HSCTask1/main.py', reloading
2025-01-29 11:44:31,367 INFO  * Restarting with stat
2025-01-29 11:44:31,584 WARNING  * Debugger is active!
2025-01-29 11:44:31,585 INFO  * Debugger PIN: 283-023-290
2025-01-29 11:44:52,771 INFO  * Detected change in '/workspaces/2025SE-Jaiden.W-HSCTask1/main.py', reloading
2025-01-29 11:44:52,809 INFO  * Restarting with stat
2025-01-29 11:44:53,051 WARNING  * Debugger is active!
2025-01-29 11:44:53,051 INFO  * Debugger PIN: 283-023-290
2025-01-29 11:45:05,943 INFO  * Detected change in '/workspaces/2025SE-Jaiden.W-HSCTask1/main.py', reloading
2025-01-29 11:45:05,980 INFO  * Restarting with stat
2025-01-29 11:45:06,204 WARNING  * Debugger is active!
2025-01-29 11:45:06,204 INFO  * Debugger PIN: 283-023-290
2025-01-29 11:45:28,880 INFO  * Detected change in '/workspaces/2025SE-Jaiden.W-HSCTask1/main.py', reloading
2025-01-29 11:45:28,914 INFO  * Restarting with stat
2025-01-29 11:45:29,148 WARNING  * Debugger is active!
2025-01-29 11:45:29,165 INFO  * Debugger PIN: 283-023-290
2025-01-29 11:45:54,863 INFO  * Detected change in '/workspaces/2025SE-Jaiden.W-HSCTask1/main.py', reloading
2025-01-29 11:45:54,897 INFO  * Restarting with stat
2025-01-29 11:45:55,112 WARNING  * Debugger is active!
2025-01-29 11:45:55,112 INFO  * Debugger PIN: 283-023-290
2025-01-29 11:46:00,354 INFO  * Detected change in '/workspaces/2025SE-Jaiden.W-HSCTask1/main.py', reloading
2025-01-29 11:46:00,391 INFO  * Restarting with stat
2025-01-29 11:46:00,611 WARNING  * Debugger is active!
2025-01-29 11:46:00,611 INFO  * Debugger PIN: 283-023-290
2025-01-29 11:46:05,765 INFO  * Detected change in '/workspaces/2025SE-Jaiden.W-HSCTask1/main.py', reloading
2025-01-29 11:46:05,806 INFO  * Restarting with stat
2025-01-29 11:46:06,042 WARNING  * Debugger is active!
2025-01-29 11:46:06,043 INFO  * Debugger PIN: 283-023-290
2025-01-30 10:00:05,017 INFO [31m[1mWARNING: This is a development server. Do not use it in a production deployment. Use a production WSGI server instead.[0m
 * Running on all addresses (0.0.0.0)
 * Running on http://127.0.0.1:3000
 * Running on http://10.0.0.140:3000
2025-01-30 10:00:05,018 INFO [33mPress CTRL+C to quit[0m
2025-01-30 10:00:05,019 INFO  * Restarting with stat
2025-01-30 10:00:05,247 WARNING  * Debugger is active!
2025-01-30 10:00:05,247 INFO  * Debugger PIN: 142-451-779
2025-01-30 10:04:02,676 INFO 127.0.0.1 - - [30/Jan/2025 10:04:02] "POST /api/login HTTP/1.1" 200 -
2025-01-30 10:04:12,183 INFO 127.0.0.1 - - [30/Jan/2025 10:04:12] "GET /api/logEntries HTTP/1.1" 200 -
2025-01-30 10:04:37,235 INFO 127.0.0.1 - - [30/Jan/2025 10:04:37] "GET /api/logEntries HTTP/1.1" 200 -
2025-01-30 10:04:40,013 INFO 127.0.0.1 - - [30/Jan/2025 10:04:40] "GET /api/logEntries HTTP/1.1" 200 -
2025-01-30 10:09:53,319 INFO 127.0.0.1 - - [30/Jan/2025 10:09:53] "POST /api/login HTTP/1.1" 200 -
2025-01-30 10:10:08,848 INFO 127.0.0.1 - - [30/Jan/2025 10:10:08] "GET /api/logEntries HTTP/1.1" 200 -
2025-01-30 10:33:55,016 INFO  * Detected change in '/workspaces/2025SE-Jaiden.W-HSCTask1/profile.py', reloading
2025-01-30 10:33:55,056 INFO  * Restarting with stat
2025-01-30 10:33:55,292 WARNING  * Debugger is active!
2025-01-30 10:33:55,292 INFO  * Debugger PIN: 142-451-779
2025-01-30 10:34:11,093 INFO  * Detected change in '/workspaces/2025SE-Jaiden.W-HSCTask1/profileRoutes.py', reloading
2025-01-30 10:34:11,141 INFO  * Restarting with stat
2025-01-30 10:34:11,369 WARNING  * Debugger is active!
2025-01-30 10:34:11,370 INFO  * Debugger PIN: 142-451-779
2025-01-30 10:34:22,499 INFO  * Detected change in '/workspaces/2025SE-Jaiden.W-HSCTask1/profileRoutes.py', reloading
2025-01-30 10:34:22,574 INFO  * Restarting with stat
2025-01-30 10:34:22,847 WARNING  * Debugger is active!
2025-01-30 10:34:22,847 INFO  * Debugger PIN: 142-451-779
2025-01-30 10:37:50,055 INFO 127.0.0.1 - - [30/Jan/2025 10:37:50] "GET /api/logEntries HTTP/1.1" 200 -
2025-01-30 10:40:31,879 INFO  * Detected change in '/workspaces/2025SE-Jaiden.W-HSCTask1/profileRoutes.py', reloading
2025-01-30 10:40:31,920 INFO  * Restarting with stat
2025-01-30 10:40:32,152 WARNING  * Debugger is active!
2025-01-30 10:40:32,153 INFO  * Debugger PIN: 142-451-779
2025-01-30 10:42:14,466 INFO  * Detected change in '/workspaces/2025SE-Jaiden.W-HSCTask1/main.py', reloading
2025-01-30 10:42:14,514 INFO  * Restarting with stat
2025-01-30 10:42:14,748 WARNING  * Debugger is active!
2025-01-30 10:42:14,748 INFO  * Debugger PIN: 142-451-779
2025-01-30 10:42:21,511 INFO  * Detected change in '/workspaces/2025SE-Jaiden.W-HSCTask1/profileHandler.py', reloading
2025-01-30 10:42:21,557 INFO  * Restarting with stat
2025-01-30 10:42:21,785 WARNING  * Debugger is active!
2025-01-30 10:42:21,785 INFO  * Debugger PIN: 142-451-779
2025-01-30 10:42:49,123 INFO  * Detected change in '/workspaces/2025SE-Jaiden.W-HSCTask1/profileHandler.py', reloading
2025-01-30 10:42:49,167 INFO  * Restarting with stat
2025-01-30 10:42:49,391 WARNING  * Debugger is active!
2025-01-30 10:42:49,391 INFO  * Debugger PIN: 142-451-779
2025-01-30 10:43:15,077 INFO  * Detected change in '/workspaces/2025SE-Jaiden.W-HSCTask1/main.py', reloading
2025-01-30 10:43:15,116 INFO  * Restarting with stat
2025-01-30 10:43:15,335 WARNING  * Debugger is active!
2025-01-30 10:43:15,336 INFO  * Debugger PIN: 142-451-779
2025-01-30 10:46:11,527 INFO  * Detected change in '/workspaces/2025SE-Jaiden.W-HSCTask1/profileHandler.py', reloading
2025-01-30 10:46:11,568 INFO  * Restarting with stat
2025-01-30 10:46:11,790 WARNING  * Debugger is active!
2025-01-30 10:46:11,790 INFO  * Debugger PIN: 142-451-779
2025-01-30 10:46:21,360 INFO  * Detected change in '/workspaces/2025SE-Jaiden.W-HSCTask1/main.py', reloading
2025-01-30 10:46:21,407 INFO  * Restarting with stat
2025-01-30 10:46:21,634 WARNING  * Debugger is active!
2025-01-30 10:46:21,634 INFO  * Debugger PIN: 142-451-779
2025-01-30 10:47:27,807 INFO  * Detected change in '/workspaces/2025SE-Jaiden.W-HSCTask1/profileHandler.py', reloading
2025-01-30 10:47:27,848 INFO  * Restarting with stat
2025-01-30 10:47:28,081 WARNING  * Debugger is active!
2025-01-30 10:47:28,081 INFO  * Debugger PIN: 142-451-779
2025-01-30 10:47:39,111 INFO 127.0.0.1 - - [30/Jan/2025 10:47:39] "GET /api/logEntries HTTP/1.1" 200 -
2025-01-30 10:48:18,794 INFO  * Detected change in '/workspaces/2025SE-Jaiden.W-HSCTask1/main.py', reloading
2025-01-30 10:48:18,847 INFO  * Restarting with stat
2025-01-30 10:48:19,100 WARNING  * Debugger is active!
2025-01-30 10:48:19,101 INFO  * Debugger PIN: 142-451-779
